0 info it worked if it ends with ok
1 verbose cli [ 'C:\\Program Files\\nodejs\\\\node.exe',
1 verbose cli   'C:\\Program Files\\nodejs\\node_modules\\npm\\bin\\npm-cli.js',
1 verbose cli   'install',
1 verbose cli   'udnerscore',
1 verbose cli   'watchify',
1 verbose cli   'reactify',
1 verbose cli   '--save-dev' ]
2 info using npm@1.4.28
3 info using node@v0.10.33
4 verbose node symlink C:\Program Files\nodejs\\node.exe
5 warn package.json ToDo@0.0.0 No repository field.
6 verbose readDependencies using package.json deps
7 verbose cache add [ 'udnerscore', null ]
8 verbose cache add name=undefined spec="udnerscore" args=["udnerscore",null]
9 verbose parsed url { protocol: null,
9 verbose parsed url   slashes: null,
9 verbose parsed url   auth: null,
9 verbose parsed url   host: null,
9 verbose parsed url   port: null,
9 verbose parsed url   hostname: null,
9 verbose parsed url   hash: null,
9 verbose parsed url   search: null,
9 verbose parsed url   query: null,
9 verbose parsed url   pathname: 'udnerscore',
9 verbose parsed url   path: 'udnerscore',
9 verbose parsed url   href: 'udnerscore' }
10 verbose cache add [ 'watchify', null ]
11 verbose cache add name=undefined spec="watchify" args=["watchify",null]
12 verbose parsed url { protocol: null,
12 verbose parsed url   slashes: null,
12 verbose parsed url   auth: null,
12 verbose parsed url   host: null,
12 verbose parsed url   port: null,
12 verbose parsed url   hostname: null,
12 verbose parsed url   hash: null,
12 verbose parsed url   search: null,
12 verbose parsed url   query: null,
12 verbose parsed url   pathname: 'watchify',
12 verbose parsed url   path: 'watchify',
12 verbose parsed url   href: 'watchify' }
13 verbose cache add [ 'reactify', null ]
14 verbose cache add name=undefined spec="reactify" args=["reactify",null]
15 verbose parsed url { protocol: null,
15 verbose parsed url   slashes: null,
15 verbose parsed url   auth: null,
15 verbose parsed url   host: null,
15 verbose parsed url   port: null,
15 verbose parsed url   hostname: null,
15 verbose parsed url   hash: null,
15 verbose parsed url   search: null,
15 verbose parsed url   query: null,
15 verbose parsed url   pathname: 'reactify',
15 verbose parsed url   path: 'reactify',
15 verbose parsed url   href: 'reactify' }
16 silly lockFile f821d843-watchify watchify
17 verbose lock watchify C:\Users\mitch.abaza\AppData\Roaming\npm-cache\f821d843-watchify.lock
18 silly lockFile 8ac07a4f-udnerscore udnerscore
19 verbose lock udnerscore C:\Users\mitch.abaza\AppData\Roaming\npm-cache\8ac07a4f-udnerscore.lock
20 silly lockFile 97e36b74-reactify reactify
21 verbose lock reactify C:\Users\mitch.abaza\AppData\Roaming\npm-cache\97e36b74-reactify.lock
22 silly lockFile f821d843-watchify watchify
23 silly lockFile f821d843-watchify watchify
24 silly lockFile 8ac07a4f-udnerscore udnerscore
25 silly lockFile 8ac07a4f-udnerscore udnerscore
26 silly lockFile 97e36b74-reactify reactify
27 silly lockFile 97e36b74-reactify reactify
28 verbose addNamed [ 'watchify', '' ]
29 verbose addNamed [ null, '*' ]
30 silly lockFile 19227da7-watchify watchify@
31 verbose lock watchify@ C:\Users\mitch.abaza\AppData\Roaming\npm-cache\19227da7-watchify.lock
32 verbose addNamed [ 'udnerscore', '' ]
33 verbose addNamed [ null, '*' ]
34 silly lockFile a752a59b-udnerscore udnerscore@
35 verbose lock udnerscore@ C:\Users\mitch.abaza\AppData\Roaming\npm-cache\a752a59b-udnerscore.lock
36 verbose addNamed [ 'reactify', '' ]
37 verbose addNamed [ null, '*' ]
38 silly lockFile 60172e78-reactify reactify@
39 verbose lock reactify@ C:\Users\mitch.abaza\AppData\Roaming\npm-cache\60172e78-reactify.lock
40 silly addNameRange { name: 'watchify', range: '*', hasData: false }
41 silly addNameRange { name: 'udnerscore', range: '*', hasData: false }
42 silly addNameRange { name: 'reactify', range: '*', hasData: false }
43 verbose request where is /udnerscore
44 verbose request registry https://registry.npmjs.org/
45 verbose request id 90cc72235b451cff
46 verbose url raw /udnerscore
47 verbose url resolving [ 'https://registry.npmjs.org/', './udnerscore' ]
48 verbose url resolved https://registry.npmjs.org/udnerscore
49 verbose request where is https://registry.npmjs.org/udnerscore
50 info trying registry request attempt 1 at 09:28:26
51 http GET https://registry.npmjs.org/udnerscore
52 verbose request where is /watchify
53 verbose request registry https://registry.npmjs.org/
54 verbose url raw /watchify
55 verbose url resolving [ 'https://registry.npmjs.org/', './watchify' ]
56 verbose url resolved https://registry.npmjs.org/watchify
57 verbose request where is https://registry.npmjs.org/watchify
58 info trying registry request attempt 1 at 09:28:26
59 verbose etag "6LCDNBSOCQMSYNYCFTWA0T75A"
60 http GET https://registry.npmjs.org/watchify
61 verbose request where is /reactify
62 verbose request registry https://registry.npmjs.org/
63 verbose url raw /reactify
64 verbose url resolving [ 'https://registry.npmjs.org/', './reactify' ]
65 verbose url resolved https://registry.npmjs.org/reactify
66 verbose request where is https://registry.npmjs.org/reactify
67 info trying registry request attempt 1 at 09:28:26
68 verbose etag "2WOOSBFGOSOKWKS337QI6XKR0"
69 http GET https://registry.npmjs.org/reactify
70 http 404 https://registry.npmjs.org/udnerscore
71 verbose headers { date: 'Mon, 22 Dec 2014 15:28:29 GMT',
71 verbose headers   server: 'CouchDB/1.5.0 (Erlang OTP/R16B03)',
71 verbose headers   'content-type': 'application/json',
71 verbose headers   'cache-control': 'max-age=0',
71 verbose headers   'content-length': '52',
71 verbose headers   'accept-ranges': 'bytes',
71 verbose headers   via: '1.1 varnish',
71 verbose headers   age: '0',
71 verbose headers   'x-served-by': 'cache-jfk1032-JFK',
71 verbose headers   'x-cache': 'MISS',
71 verbose headers   'x-cache-hits': '0',
71 verbose headers   'x-timer': 'S1419262109.753935,VS0,VE87',
71 verbose headers   'keep-alive': 'timeout=10, max=50',
71 verbose headers   connection: 'Keep-Alive' }
72 silly registry.get cb [ 404,
72 silly registry.get   { date: 'Mon, 22 Dec 2014 15:28:29 GMT',
72 silly registry.get     server: 'CouchDB/1.5.0 (Erlang OTP/R16B03)',
72 silly registry.get     'content-type': 'application/json',
72 silly registry.get     'cache-control': 'max-age=0',
72 silly registry.get     'content-length': '52',
72 silly registry.get     'accept-ranges': 'bytes',
72 silly registry.get     via: '1.1 varnish',
72 silly registry.get     age: '0',
72 silly registry.get     'x-served-by': 'cache-jfk1032-JFK',
72 silly registry.get     'x-cache': 'MISS',
72 silly registry.get     'x-cache-hits': '0',
72 silly registry.get     'x-timer': 'S1419262109.753935,VS0,VE87',
72 silly registry.get     'keep-alive': 'timeout=10, max=50',
72 silly registry.get     connection: 'Keep-Alive' } ]
73 silly lockFile a752a59b-udnerscore udnerscore@
74 silly lockFile a752a59b-udnerscore udnerscore@
75 http 200 https://registry.npmjs.org/watchify
76 silly registry.get cb [ 200,
76 silly registry.get   { date: 'Mon, 22 Dec 2014 15:28:29 GMT',
76 silly registry.get     server: 'CouchDB/1.5.0 (Erlang OTP/R16B03)',
76 silly registry.get     etag: '"DPRDYXM0G6UFQ0J0TQNQCIALT"',
76 silly registry.get     'content-type': 'application/json',
76 silly registry.get     'cache-control': 'max-age=60',
76 silly registry.get     'content-length': '49775',
76 silly registry.get     'accept-ranges': 'bytes',
76 silly registry.get     via: '1.1 varnish',
76 silly registry.get     age: '17',
76 silly registry.get     'x-served-by': 'cache-iad2144-IAD',
76 silly registry.get     'x-cache': 'HIT',
76 silly registry.get     'x-cache-hits': '1',
76 silly registry.get     'x-timer': 'S1419262109.776580,VS0,VE0',
76 silly registry.get     vary: 'Accept',
76 silly registry.get     'keep-alive': 'timeout=10, max=50',
76 silly registry.get     connection: 'Keep-Alive' } ]
77 silly addNameRange number 2 { name: 'watchify', range: '*', hasData: true }
78 silly addNameRange versions [ 'watchify',
78 silly addNameRange   [ '0.0.0',
78 silly addNameRange     '0.0.1',
78 silly addNameRange     '0.1.0',
78 silly addNameRange     '0.2.0',
78 silly addNameRange     '0.3.0',
78 silly addNameRange     '0.4.0',
78 silly addNameRange     '0.4.1',
78 silly addNameRange     '0.5.0',
78 silly addNameRange     '0.5.1',
78 silly addNameRange     '0.5.2',
78 silly addNameRange     '0.5.3',
78 silly addNameRange     '0.5.4',
78 silly addNameRange     '0.5.5',
78 silly addNameRange     '0.5.6',
78 silly addNameRange     '0.6.0',
78 silly addNameRange     '0.6.1',
78 silly addNameRange     '0.6.2',
78 silly addNameRange     '0.6.3',
78 silly addNameRange     '0.6.4',
78 silly addNameRange     '0.7.0',
78 silly addNameRange     '0.7.1',
78 silly addNameRange     '0.7.2',
78 silly addNameRange     '0.8.0',
78 silly addNameRange     '0.8.1',
78 silly addNameRange     '0.8.2',
78 silly addNameRange     '0.8.3',
78 silly addNameRange     '0.9.0',
78 silly addNameRange     '0.10.0',
78 silly addNameRange     '0.10.1',
78 silly addNameRange     '0.10.2',
78 silly addNameRange     '1.0.0',
78 silly addNameRange     '1.0.1',
78 silly addNameRange     '1.0.2',
78 silly addNameRange     '1.0.3',
78 silly addNameRange     '1.0.4',
78 silly addNameRange     '1.0.5',
78 silly addNameRange     '1.0.6',
78 silly addNameRange     '2.0.0',
78 silly addNameRange     '2.1.0',
78 silly addNameRange     '2.1.1',
78 silly addNameRange     '2.2.0',
78 silly addNameRange     '2.2.1' ] ]
79 verbose addNamed [ 'watchify', '2.2.1' ]
80 verbose addNamed [ '2.2.1', '2.2.1' ]
81 silly lockFile 63573432-watchify-2-2-1 watchify@2.2.1
82 verbose lock watchify@2.2.1 C:\Users\mitch.abaza\AppData\Roaming\npm-cache\63573432-watchify-2-2-1.lock
83 silly lockFile 744529eb--org-watchify-watchify-2-2-1-tgz https://registry.npmjs.org/watchify/-/watchify-2.2.1.tgz
84 verbose lock https://registry.npmjs.org/watchify/-/watchify-2.2.1.tgz C:\Users\mitch.abaza\AppData\Roaming\npm-cache\744529eb--org-watchify-watchify-2-2-1-tgz.lock
85 verbose addRemoteTarball [ 'https://registry.npmjs.org/watchify/-/watchify-2.2.1.tgz',
85 verbose addRemoteTarball   '6537b3691e364cbb67eff63e2a42fc4889f05f6e' ]
86 info retry fetch attempt 1 at 09:28:28
87 verbose fetch to= C:\Users\MITCH~1.ABA\AppData\Local\Temp\npm-2764-InDjRKqx\registry.npmjs.org\watchify\-\watchify-2.2.1.tgz
88 http GET https://registry.npmjs.org/watchify/-/watchify-2.2.1.tgz
89 http 304 https://registry.npmjs.org/reactify
90 silly registry.get cb [ 304,
90 silly registry.get   { date: 'Mon, 22 Dec 2014 15:28:29 GMT',
90 silly registry.get     server: 'Apache',
90 silly registry.get     via: '1.1 varnish',
90 silly registry.get     'last-modified': 'Mon, 22 Dec 2014 15:28:30 GMT',
90 silly registry.get     'cache-control': 'max-age=60',
90 silly registry.get     etag: '"2WOOSBFGOSOKWKS337QI6XKR0"',
90 silly registry.get     age: '0',
90 silly registry.get     'x-served-by': 'cache-iad2120-IAD',
90 silly registry.get     'x-cache': 'HIT',
90 silly registry.get     'x-cache-hits': '1',
90 silly registry.get     'x-timer': 'S1419262109.770002,VS0,VE355',
90 silly registry.get     vary: 'Accept',
90 silly registry.get     'content-length': '0',
90 silly registry.get     'keep-alive': 'timeout=10, max=50',
90 silly registry.get     connection: 'Keep-Alive' } ]
91 verbose etag https://registry.npmjs.org/reactify from cache
92 silly addNameRange number 2 { name: 'reactify', range: '*', hasData: true }
93 silly addNameRange versions [ 'reactify',
93 silly addNameRange   [ '0.1.0',
93 silly addNameRange     '0.1.1',
93 silly addNameRange     '0.1.2',
93 silly addNameRange     '0.1.3',
93 silly addNameRange     '0.1.4',
93 silly addNameRange     '0.2.0',
93 silly addNameRange     '0.2.1',
93 silly addNameRange     '0.2.2',
93 silly addNameRange     '0.3.0',
93 silly addNameRange     '0.3.1',
93 silly addNameRange     '0.3.2',
93 silly addNameRange     '0.4.0',
93 silly addNameRange     '0.5.0',
93 silly addNameRange     '0.5.1',
93 silly addNameRange     '0.6.0',
93 silly addNameRange     '0.6.1',
93 silly addNameRange     '0.7.0',
93 silly addNameRange     '0.8.0',
93 silly addNameRange     '0.8.1',
93 silly addNameRange     '0.9.0',
93 silly addNameRange     '0.9.1',
93 silly addNameRange     '0.10.0',
93 silly addNameRange     '0.11.0',
93 silly addNameRange     '0.12.0',
93 silly addNameRange     '0.13.0',
93 silly addNameRange     '0.13.1',
93 silly addNameRange     '0.14.0',
93 silly addNameRange     '0.15.0',
93 silly addNameRange     '0.15.1',
93 silly addNameRange     '0.14.1',
93 silly addNameRange     '0.8.2',
93 silly addNameRange     '0.9.2',
93 silly addNameRange     '0.10.1',
93 silly addNameRange     '0.11.1',
93 silly addNameRange     '0.13.2',
93 silly addNameRange     '0.12.1',
93 silly addNameRange     '0.15.2',
93 silly addNameRange     '0.16.0',
93 silly addNameRange     '0.17.0',
93 silly addNameRange     '0.17.1' ] ]
94 verbose addNamed [ 'reactify', '0.17.1' ]
95 verbose addNamed [ '0.17.1', '0.17.1' ]
96 silly lockFile 7a84788b-reactify-0-17-1 reactify@0.17.1
97 verbose lock reactify@0.17.1 C:\Users\mitch.abaza\AppData\Roaming\npm-cache\7a84788b-reactify-0-17-1.lock
98 silly lockFile 7a84788b-reactify-0-17-1 reactify@0.17.1
99 silly lockFile 7a84788b-reactify-0-17-1 reactify@0.17.1
100 silly lockFile 60172e78-reactify reactify@
101 silly lockFile 60172e78-reactify reactify@
102 http 200 https://registry.npmjs.org/watchify/-/watchify-2.2.1.tgz
103 silly lockFile 744529eb--org-watchify-watchify-2-2-1-tgz https://registry.npmjs.org/watchify/-/watchify-2.2.1.tgz
104 silly lockFile 744529eb--org-watchify-watchify-2-2-1-tgz https://registry.npmjs.org/watchify/-/watchify-2.2.1.tgz
105 silly lockFile 63573432-watchify-2-2-1 watchify@2.2.1
106 silly lockFile 63573432-watchify-2-2-1 watchify@2.2.1
107 silly lockFile 19227da7-watchify watchify@
108 silly lockFile 19227da7-watchify watchify@
109 error 404 404 Not Found: udnerscore
109 error 404
109 error 404 'udnerscore' is not in the npm registry.
109 error 404 You should bug the author to publish it
109 error 404 It was specified as a dependency of 'ToDo'
109 error 404
109 error 404 Note that you can also install from a
109 error 404 tarball, folder, or http url, or git url.
110 error System Windows_NT 6.1.7601
111 error command "C:\\Program Files\\nodejs\\\\node.exe" "C:\\Program Files\\nodejs\\node_modules\\npm\\bin\\npm-cli.js" "install" "udnerscore" "watchify" "reactify" "--save-dev"
112 error cwd C:\Users\mitch.abaza\Documents\Visual Studio 2012\Projects\ReactJs\ToDo
113 error node -v v0.10.33
114 error npm -v 1.4.28
115 error code E404
116 verbose exit [ 1, true ]
